  ChapterShadow.cpp
D:\workspace\Cedric_Z1\RealTimeRendering\Engine\Engine\Engine\ChapterShadow.cpp(592,19): warning C4244: “参数”: 从“double”转换到“unsigned int”，可能丢失数据
D:\workspace\Cedric_Z1\RealTimeRendering\Engine\Engine\Engine\ChapterShadow.cpp(609,15): warning C4244: “初始化”: 从“double”转换到“float”，可能丢失数据
D:\workspace\Cedric_Z1\RealTimeRendering\Engine\Engine\Engine\ChapterShadow.cpp(613,18): warning C4244: “初始化”: 从“int”转换到“float”，可能丢失数据
D:\workspace\Cedric_Z1\RealTimeRendering\Engine\Engine\Engine\ChapterShadow.cpp(635,65): warning C4312: “类型强制转换”: 从“GLsizei”转换到更大的“void *”
D:\workspace\Cedric_Z1\RealTimeRendering\Engine\Engine\Engine\ChapterShadow.cpp(637,65): warning C4312: “类型强制转换”: 从“GLsizei”转换到更大的“void *”
D:\workspace\Cedric_Z1\RealTimeRendering\Engine\Engine\Engine\ChapterShadow.cpp(639,65): warning C4312: “类型强制转换”: 从“GLsizei”转换到更大的“void *”
D:\workspace\Cedric_Z1\RealTimeRendering\Engine\Engine\Engine\ChapterShadow.cpp(691,45): warning C4244: “参数”: 从“double”转换到“float”，可能丢失数据
D:\workspace\Cedric_Z1\RealTimeRendering\Engine\Engine\Engine\ChapterShadow.cpp(731,48): warning C4267: “参数”: 从“size_t”转换到“GLsizei”，可能丢失数据
glew32s.lib(glew.obj) : warning LNK4099: 未找到 PDB“”(使用“glew32s.lib(glew.obj)”或在“”中寻找)；正在链接对象，如同没有调试信息一样
LINK : warning LNK4098: 默认库“LIBCMT”与其他库的使用冲突；请使用 /NODEFAULTLIB:library
LINK : warning LNK4098: 默认库“MSVCRT”与其他库的使用冲突；请使用 /NODEFAULTLIB:library
LINK : warning LNK4217: 符号“__glewActiveTexture”(在“ glew32s.lib(glew.obj)”中定义)已由“Mesh.obj”(函数“"public: void __cdecl Mesh::Draw(class Shader &)" (?Draw@Mesh@@QEAAXAEAVShader@@@Z)”中)导入
LINK : warning LNK4217: 符号“__glewBindBuffer”(在“ glew32s.lib(glew.obj)”中定义)已由“Mesh.obj”(函数“"public: __cdecl Mesh::Mesh(float * const)" (??0Mesh@@QEAA@QEAM@Z)”中)导入
LINK : warning LNK4217: 符号“__glewBufferData”(在“ glew32s.lib(glew.obj)”中定义)已由“Mesh.obj”(函数“"public: __cdecl Mesh::Mesh(float * const)" (??0Mesh@@QEAA@QEAM@Z)”中)导入
LINK : warning LNK4217: 符号“__glewGenBuffers”(在“ glew32s.lib(glew.obj)”中定义)已由“Mesh.obj”(函数“"public: __cdecl Mesh::Mesh(float * const)" (??0Mesh@@QEAA@QEAM@Z)”中)导入
LINK : warning LNK4217: 符号“__glewEnableVertexAttribArray”(在“ glew32s.lib(glew.obj)”中定义)已由“Mesh.obj”(函数“"public: __cdecl Mesh::Mesh(float * const)" (??0Mesh@@QEAA@QEAM@Z)”中)导入
LINK : warning LNK4217: 符号“__glewVertexAttribPointer”(在“ glew32s.lib(glew.obj)”中定义)已由“Mesh.obj”(函数“"public: __cdecl Mesh::Mesh(float * const)" (??0Mesh@@QEAA@QEAM@Z)”中)导入
LINK : warning LNK4217: 符号“__glewVertexAttribIPointer”(在“ glew32s.lib(glew.obj)”中定义)已由“Mesh.obj”(函数“"private: void __cdecl Mesh::StepMesh(void)" (?StepMesh@Mesh@@AEAAXXZ)”中)导入
LINK : warning LNK4217: 符号“__glewBindVertexArray”(在“ glew32s.lib(glew.obj)”中定义)已由“Mesh.obj”(函数“"public: __cdecl Mesh::Mesh(float * const)" (??0Mesh@@QEAA@QEAM@Z)”中)导入
LINK : warning LNK4217: 符号“__glewGenVertexArrays”(在“ glew32s.lib(glew.obj)”中定义)已由“Mesh.obj”(函数“"public: __cdecl Mesh::Mesh(float * const)" (??0Mesh@@QEAA@QEAM@Z)”中)导入
LINK : warning LNK4217: 符号“__glewGenerateMipmap”(在“ glew32s.lib(glew.obj)”中定义)已由“Model.obj”(函数“"unsigned int __cdecl TextureFromFile(char const *,class std::basic_string<char,struct std::char_traits<char>,class std::allocator<char> > const &,bool)" (?TextureFromFile@@YAIPEBDAEBV?$basic_string@DU?$char_traits@D@std@@V?$allocator@D@2@@std@@_N@Z)”中)导入
LINK : warning LNK4217: 符号“__glewAttachShader”(在“ glew32s.lib(glew.obj)”中定义)已由“Shader.obj”(函数“"public: __cdecl Shader::Shader(char const *,char const *,char const *)" (??0Shader@@QEAA@PEBD00@Z)”中)导入
LINK : warning LNK4217: 符号“__glewCompileShader”(在“ glew32s.lib(glew.obj)”中定义)已由“Shader.obj”(函数“"public: __cdecl Shader::Shader(char const *,char const *,char const *)" (??0Shader@@QEAA@PEBD00@Z)”中)导入
LINK : warning LNK4217: 符号“__glewCreateProgram”(在“ glew32s.lib(glew.obj)”中定义)已由“Shader.obj”(函数“"public: __cdecl Shader::Shader(char const *,char const *,char const *)" (??0Shader@@QEAA@PEBD00@Z)”中)导入
LINK : warning LNK4217: 符号“__glewCreateShader”(在“ glew32s.lib(glew.obj)”中定义)已由“Shader.obj”(函数“"public: __cdecl Shader::Shader(char const *,char const *,char const *)" (??0Shader@@QEAA@PEBD00@Z)”中)导入
LINK : warning LNK4217: 符号“__glewDeleteShader”(在“ glew32s.lib(glew.obj)”中定义)已由“Shader.obj”(函数“"public: __cdecl Shader::Shader(char const *,char const *,char const *)" (??0Shader@@QEAA@PEBD00@Z)”中)导入
LINK : warning LNK4217: 符号“__glewGetProgramInfoLog”(在“ glew32s.lib(glew.obj)”中定义)已由“Shader.obj”(函数“"private: void __cdecl Shader::checkCompileErrors(unsigned int,class std::basic_string<char,struct std::char_traits<char>,class std::allocator<char> >)" (?checkCompileErrors@Shader@@AEAAXIV?$basic_string@DU?$char_traits@D@std@@V?$allocator@D@2@@std@@@Z)”中)导入
LINK : warning LNK4217: 符号“__glewGetProgramiv”(在“ glew32s.lib(glew.obj)”中定义)已由“Shader.obj”(函数“"private: void __cdecl Shader::checkCompileErrors(unsigned int,class std::basic_string<char,struct std::char_traits<char>,class std::allocator<char> >)" (?checkCompileErrors@Shader@@AEAAXIV?$basic_string@DU?$char_traits@D@std@@V?$allocator@D@2@@std@@@Z)”中)导入
LINK : warning LNK4217: 符号“__glewGetShaderInfoLog”(在“ glew32s.lib(glew.obj)”中定义)已由“Shader.obj”(函数“"private: void __cdecl Shader::checkCompileErrors(unsigned int,class std::basic_string<char,struct std::char_traits<char>,class std::allocator<char> >)" (?checkCompileErrors@Shader@@AEAAXIV?$basic_string@DU?$char_traits@D@std@@V?$allocator@D@2@@std@@@Z)”中)导入
LINK : warning LNK4217: 符号“__glewGetShaderiv”(在“ glew32s.lib(glew.obj)”中定义)已由“Shader.obj”(函数“"private: void __cdecl Shader::checkCompileErrors(unsigned int,class std::basic_string<char,struct std::char_traits<char>,class std::allocator<char> >)" (?checkCompileErrors@Shader@@AEAAXIV?$basic_string@DU?$char_traits@D@std@@V?$allocator@D@2@@std@@@Z)”中)导入
LINK : warning LNK4217: 符号“__glewGetUniformLocation”(在“ glew32s.lib(glew.obj)”中定义)已由“Shader.obj”(函数“"public: void __cdecl Shader::SetUniform1f(char const *,float)const " (?SetUniform1f@Shader@@QEBAXPEBDM@Z)”中)导入
LINK : warning LNK4217: 符号“__glewLinkProgram”(在“ glew32s.lib(glew.obj)”中定义)已由“Shader.obj”(函数“"public: __cdecl Shader::Shader(char const *,char const *,char const *)" (??0Shader@@QEAA@PEBD00@Z)”中)导入
LINK : warning LNK4217: 符号“__glewShaderSource”(在“ glew32s.lib(glew.obj)”中定义)已由“Shader.obj”(函数“"public: __cdecl Shader::Shader(char const *,char const *,char const *)" (??0Shader@@QEAA@PEBD00@Z)”中)导入
LINK : warning LNK4217: 符号“__glewUniform1f”(在“ glew32s.lib(glew.obj)”中定义)已由“Shader.obj”(函数“"public: void __cdecl Shader::SetUniform1f(char const *,float)const " (?SetUniform1f@Shader@@QEBAXPEBDM@Z)”中)导入
LINK : warning LNK4217: 符号“__glewUniform1i”(在“ glew32s.lib(glew.obj)”中定义)已由“Shader.obj”(函数“"public: void __cdecl Shader::SetUniform1i(char const *,unsigned int)const " (?SetUniform1i@Shader@@QEBAXPEBDI@Z)”中)导入
LINK : warning LNK4217: 符号“__glewUniform2f”(在“ glew32s.lib(glew.obj)”中定义)已由“Shader.obj”(函数“"public: void __cdecl Shader::SetUniform2f(char const *,float,float)const " (?SetUniform2f@Shader@@QEBAXPEBDMM@Z)”中)导入
LINK : warning LNK4217: 符号“__glewUniform2fv”(在“ glew32s.lib(glew.obj)”中定义)已由“Shader.obj”(函数“"public: void __cdecl Shader::SetUniform2fv(char const *,struct glm::tvec2<float,0> const &)const " (?SetUniform2fv@Shader@@QEBAXPEBDAEBU?$tvec2@M$0A@@glm@@@Z)”中)导入
LINK : warning LNK4217: 符号“__glewUniform3f”(在“ glew32s.lib(glew.obj)”中定义)已由“Shader.obj”(函数“"public: void __cdecl Shader::SetUniform3f(char const *,float,float,float)const " (?SetUniform3f@Shader@@QEBAXPEBDMMM@Z)”中)导入
LINK : warning LNK4217: 符号“__glewUniform3fv”(在“ glew32s.lib(glew.obj)”中定义)已由“Shader.obj”(函数“"public: void __cdecl Shader::SetUniform3fv(char const *,struct glm::tvec3<float,0> const &)const " (?SetUniform3fv@Shader@@QEBAXPEBDAEBU?$tvec3@M$0A@@glm@@@Z)”中)导入
LINK : warning LNK4217: 符号“__glewUniform4f”(在“ glew32s.lib(glew.obj)”中定义)已由“Shader.obj”(函数“"public: void __cdecl Shader::SetUniform4f(char const *,float,float,float,float)const " (?SetUniform4f@Shader@@QEBAXPEBDMMMM@Z)”中)导入
LINK : warning LNK4217: 符号“__glewUniform4fv”(在“ glew32s.lib(glew.obj)”中定义)已由“Shader.obj”(函数“"public: void __cdecl Shader::SetUniform4fv(char const *,struct glm::tvec4<float,0> &)const " (?SetUniform4fv@Shader@@QEBAXPEBDAEAU?$tvec4@M$0A@@glm@@@Z)”中)导入
LINK : warning LNK4217: 符号“__glewUniformMatrix2fv”(在“ glew32s.lib(glew.obj)”中定义)已由“Shader.obj”(函数“"public: void __cdecl Shader::SetUniformMatrix2fv(char const *,struct glm::tmat2x2<float,0> const &)const " (?SetUniformMatrix2fv@Shader@@QEBAXPEBDAEBU?$tmat2x2@M$0A@@glm@@@Z)”中)导入
LINK : warning LNK4217: 符号“__glewUniformMatrix3fv”(在“ glew32s.lib(glew.obj)”中定义)已由“Shader.obj”(函数“"public: void __cdecl Shader::SetUniformMatrix3fv(char const *,struct glm::tmat3x3<float,0> const &)const " (?SetUniformMatrix3fv@Shader@@QEBAXPEBDAEBU?$tmat3x3@M$0A@@glm@@@Z)”中)导入
LINK : warning LNK4217: 符号“__glewUniformMatrix4fv”(在“ glew32s.lib(glew.obj)”中定义)已由“Shader.obj”(函数“"public: void __cdecl Shader::SetUniformMatrix4fv(char const *,struct glm::tmat4x4<float,0> const &)const " (?SetUniformMatrix4fv@Shader@@QEBAXPEBDAEBU?$tmat4x4@M$0A@@glm@@@Z)”中)导入
LINK : warning LNK4217: 符号“__glewUseProgram”(在“ glew32s.lib(glew.obj)”中定义)已由“Shader.obj”(函数“"public: void __cdecl Shader::Use(void)const " (?Use@Shader@@QEBAXXZ)”中)导入
  Engine.vcxproj -> D:\workspace\Cedric_Z1\RealTimeRendering\Engine\Engine\x64\Debug\Engine.exe
