d:\workspace\cedric_z1\realtimerendering\engine\engine\engine\x64\debug\vc143.pdb
d:\workspace\cedric_z1\realtimerendering\engine\engine\engine\x64\debug\vc143.idb
d:\workspace\cedric_z1\realtimerendering\engine\engine\engine\x64\debug\shader.obj
d:\workspace\cedric_z1\realtimerendering\engine\engine\engine\x64\debug\model.obj
d:\workspace\cedric_z1\realtimerendering\engine\engine\engine\x64\debug\mesh.obj
d:\workspace\cedric_z1\realtimerendering\engine\engine\engine\x64\debug\material.obj
d:\workspace\cedric_z1\realtimerendering\engine\engine\engine\x64\debug\main.obj
d:\workspace\cedric_z1\realtimerendering\engine\engine\engine\x64\debug\loadimg.obj
d:\workspace\cedric_z1\realtimerendering\engine\engine\engine\x64\debug\lightspot.obj
d:\workspace\cedric_z1\realtimerendering\engine\engine\engine\x64\debug\lightpoint.obj
d:\workspace\cedric_z1\realtimerendering\engine\engine\engine\x64\debug\lightdirectional.obj
d:\workspace\cedric_z1\realtimerendering\engine\engine\engine\x64\debug\camera.obj
d:\workspace\cedric_z1\realtimerendering\engine\engine\engine\x64\debug\chaptergamma.obj
d:\workspace\cedric_z1\realtimerendering\engine\engine\engine\x64\debug\sc.obj
d:\workspace\cedric_z1\realtimerendering\engine\engine\engine\x64\debug\源.obj
d:\workspace\cedric_z1\realtimerendering\engine\engine\x64\debug\engine.pdb
d:\workspace\cedric_z1\realtimerendering\engine\engine\engine\x64\debug\engine.tlog\cl.command.1.tlog
d:\workspace\cedric_z1\realtimerendering\engine\engine\engine\x64\debug\engine.tlog\cl.items.tlog
d:\workspace\cedric_z1\realtimerendering\engine\engine\engine\x64\debug\engine.tlog\cl.read.1.tlog
d:\workspace\cedric_z1\realtimerendering\engine\engine\engine\x64\debug\engine.tlog\cl.write.1.tlog
d:\workspace\cedric_z1\realtimerendering\engine\engine\engine\x64\debug\engine.tlog\link.28712-cvtres.read.1.tlog
d:\workspace\cedric_z1\realtimerendering\engine\engine\engine\x64\debug\engine.tlog\link.28712-cvtres.write.1.tlog
d:\workspace\cedric_z1\realtimerendering\engine\engine\engine\x64\debug\engine.tlog\link.28712-rc.read.1.tlog
d:\workspace\cedric_z1\realtimerendering\engine\engine\engine\x64\debug\engine.tlog\link.28712-rc.write.1.tlog
d:\workspace\cedric_z1\realtimerendering\engine\engine\engine\x64\debug\engine.tlog\link.28712.read.1.tlog
d:\workspace\cedric_z1\realtimerendering\engine\engine\engine\x64\debug\engine.tlog\link.28712.read.2.tlog
d:\workspace\cedric_z1\realtimerendering\engine\engine\engine\x64\debug\engine.tlog\link.28712.read.3.tlog
d:\workspace\cedric_z1\realtimerendering\engine\engine\engine\x64\debug\engine.tlog\link.28712.read.4.tlog
d:\workspace\cedric_z1\realtimerendering\engine\engine\engine\x64\debug\engine.tlog\link.28712.write.1.tlog
d:\workspace\cedric_z1\realtimerendering\engine\engine\engine\x64\debug\engine.tlog\link.command.1.tlog
d:\workspace\cedric_z1\realtimerendering\engine\engine\engine\x64\debug\engine.tlog\link.read.1.tlog
d:\workspace\cedric_z1\realtimerendering\engine\engine\engine\x64\debug\engine.tlog\link.write.1.tlog
