  Camera.cpp
  ChapterLight.cpp
D:\workspace\Cedric_Z1\RealTimeRendering\Engine\Engine\ChapterLight.cpp(1,1): warning C4819: 该文件包含不能在当前代码页(936)中表示的字符。请将该文件保存为 Unicode 格式以防止数据丢失
  imgui.cpp
  imgui_demo.cpp
  imgui_draw.cpp
  imgui_impl_glfw.cpp
  imgui_impl_opengl3.cpp
  imgui_tables.cpp
  imgui_widgets.cpp
  LightDirectional.cpp
  LightPoint.cpp
  LightSpot.cpp
  Loadimg.cpp
  Material.cpp
  Mesh.cpp
  Model.cpp
  Shader.cpp
  正在生成代码...
  Engine.vcxproj -> D:\workspace\Cedric_Z1\RealTimeRendering\Engine\x64\Debug\Engine.exe
